<?xml version="1.0" encoding="utf-8"?><testsuites name="pytest tests"><testsuite name="pytest" errors="0" failures="0" skipped="0" tests="13" time="3.183" timestamp="2026-07-08T23:49:40.014949+00:00" hostname="agent-env-d1d8bf6c-119b-48c8-9490-7b2dcf3d07e8"><testcase classname="tests.backend_test.TestAuth" name="test_login_success" time="0.446" /><testcase classname="tests.backend_test.TestBlogSerialization" name="test_list_blog_emits_id_not_underscore_id" time="0.449" /><testcase classname="tests.backend_test.TestAuth" name="test_login_bad_creds" time="0.311" /><testcase classname="tests.backend_test.TestBlogSerialization" name="test_get_blog_by_slug_emits_id" time="0.352" /><testcase classname="tests.backend_test.TestAuth" name="test_me_requires_auth" time="0.044" /><testcase classname="tests.backend_test.TestBlogSerialization" name="test_get_blog_unknown_slug_404" time="0.267" /><testcase classname="tests.backend_test.TestAuth" name="test_me_with_token" time="0.540" /><testcase classname="tests.backend_test.TestContactSerialization" name="test_public_create_and_list_emits_id" time="0.088" /><testcase classname="tests.backend_test.TestBlogCRUD" name="test_create_edit_delete_blog" time="0.726" /><testcase classname="tests.backend_test.TestContactSerialization" name="test_contact_list_requires_auth" time="0.044" /><testcase classname="tests.backend_test.TestBlogCRUD" name="test_delete_blog_requires_auth" time="0.045" /><testcase classname="tests.backend_test.TestContactCRUD" name="test_create_markread_delete_contact" time="0.279" /><testcase classname="tests.backend_test.TestContactCRUD" name="test_contact_validation" time="0.046" /></testsuite></testsuites>